INFO: 26/12 03:35 PM -- 18 [16, 7, 3, 11, 30, 9, 5, 15, 30, 7, 22, 19, 55, 3, 5521, 12, 27, 20, 5280]
INFO: 26/12 03:35 PM -- 16 [21, 18, 1, 15, 24, 6, 2, 16, 21, 7, 23, 16, 32, 3, 5141, 8, 12, 16, 9318]
INFO: 26/12 03:35 PM -- 14 [12, 19, 5, 34, 24, 17, 5, 16, 16, 18, 17, 26, 54, 1, 6737, 23, 11, 22, 8991]
INFO: 26/12 03:35 PM -- 13 [14, 5, 1, 23, 6, 15, 6, 20, 13, 12, 27, 25, 30, 3, 5639, 20, 5, 31, 8945]
INFO: 26/12 03:35 PM -- 13 [10, 11, 2, 25, 18, 25, 6, 26, 17, 15, 34, 30, 30, 1, 5157, 21, 5, 25, 8349]
INFO: 26/12 03:35 PM -- 13 [24, 16, 1, 26, 11, 18, 2, 39, 30, 16, 32, 29, 50, 1, 7100, 14, 29, 31, 5309]
INFO: 26/12 03:35 PM -- 13 [17, 13, 3, 33, 23, 7, 6, 22, 12, 16, 11, 16, 28, 1, 9621, 7, 20, 34, 8321]
INFO: 26/12 03:35 PM -- 11 [10, 13, 1, 6, 16, 17, 2, 30, 28, 13, 10, 10, 45, 2, 5391, 15, 24, 15, 6424]
INFO: 26/12 03:35 PM -- 11 [24, 22, 1, 28, 22, 6, 4, 29, 20, 8, 26, 28, 34, 2, 9520, 21, 22, 16, 8098]
INFO: 26/12 03:35 PM -- 11 [12, 6, 3, 29, 20, 17, 1, 33, 22, 11, 22, 27, 52, 3, 6750, 21, 22, 28, 5911]
INFO: 26/12 03:35 PM -- 11 [20, 18, 4, 12, 12, 8, 2, 24, 27, 13, 24, 26, 29, 1, 5508, 13, 15, 24, 5404]
INFO: 26/12 03:35 PM -- 11 [9, 15, 2, 9, 28, 20, 3, 25, 24, 13, 15, 24, 41, 2, 7783, 15, 26, 26, 5143]
INFO: 26/12 03:35 PM -- 11 [13, 25, 1, 5, 23, 18, 3, 25, 14, 11, 32, 12, 38, 1, 8360, 15, 24, 34, 7556]
INFO: 26/12 03:35 PM -- 11 [15, 21, 5, 14, 11, 17, 2, 29, 17, 17, 19, 15, 44, 1, 7387, 9, 16, 20, 5852]
INFO: 26/12 03:35 PM -- 9 [14, 12, 4, 28, 15, 12, 1, 16, 13, 15, 34, 23, 27, 1, 5223, 14, 29, 36, 9016]
INFO: 26/12 03:35 PM -- 9 [20, 10, 5, 34, 19, 19, 2, 27, 23, 18, 32, 23, 38, 3, 6732, 16, 9, 39, 7144]
INFO: 26/12 03:35 PM -- 8 [25, 14, 1, 5, 8, 9, 6, 31, 30, 10, 35, 12, 43, 3, 9322, 25, 20, 32, 8159]
INFO: 26/12 03:35 PM -- 8 [15, 11, 3, 6, 15, 15, 5, 18, 10, 18, 19, 19, 24, 2, 8133, 15, 26, 21, 7518]
INFO: 26/12 03:35 PM -- 7 [18, 18, 4, 9, 26, 14, 1, 19, 29, 16, 31, 6, 38, 1, 8189, 17, 19, 25, 5459]
INFO: 26/12 03:35 PM -- 7 [12, 21, 4, 19, 27, 22, 2, 15, 13, 15, 26, 14, 41, 3, 5375, 22, 10, 29, 7328]
INFO: 26/12 03:35 PM -- 6 [25, 8, 1, 22, 10, 22, 6, 36, 28, 8, 24, 11, 45, 2, 7660, 19, 21, 16, 7021]
INFO: 26/12 03:35 PM -- 6 [24, 16, 2, 24, 13, 22, 5, 39, 13, 20, 27, 15, 26, 1, 9867, 7, 30, 26, 6530]
INFO: 26/12 03:35 PM -- 6 [20, 11, 5, 6, 15, 17, 5, 23, 10, 19, 26, 5, 24, 2, 9110, 15, 14, 21, 8799]
INFO: 26/12 03:35 PM -- 6 [15, 9, 5, 29, 5, 23, 5, 25, 10, 11, 18, 16, 39, 1, 8945, 18, 10, 24, 5794]
INFO: 26/12 03:35 PM -- 6 [10, 16, 5, 12, 22, 5, 2, 32, 12, 13, 20, 20, 46, 3, 5629, 14, 20, 27, 5001]
INFO: 26/12 03:35 PM -- 4 [16, 21, 2, 7, 30, 18, 1, 37, 29, 8, 35, 25, 25, 2, 9111, 18, 9, 21, 9200]
INFO: 26/12 03:35 PM -- 4 [11, 5, 4, 27, 15, 5, 4, 23, 28, 20, 31, 16, 37, 2, 5563, 5, 9, 22, 9239]
INFO: 26/12 03:35 PM -- 4 [10, 19, 4, 15, 17, 12, 5, 16, 22, 19, 18, 9, 35, 3, 5130, 21, 16, 17, 7536]
INFO: 26/12 03:35 PM -- 4 [21, 19, 2, 32, 18, 23, 1, 19, 12, 9, 21, 9, 48, 2, 8833, 24, 21, 42, 6379]
INFO: 26/12 03:35 PM -- 4 [11, 10, 5, 30, 24, 23, 1, 26, 13, 13, 31, 11, 30, 1, 9148, 25, 8, 29, 5259]
INFO: 26/12 03:35 PM -- 4 [11, 15, 5, 9, 21, 7, 6, 22, 19, 12, 27, 7, 33, 1, 5722, 11, 27, 42, 6990]
INFO: 26/12 03:35 PM -- 4 [17, 25, 3, 12, 13, 15, 5, 27, 10, 19, 22, 17, 33, 3, 8128, 16, 8, 26, 8254]
INFO: 26/12 03:35 PM -- 4 [15, 23, 1, 26, 9, 13, 5, 36, 21, 14, 22, 23, 32, 1, 9729, 16, 12, 25, 6275]
INFO: 26/12 03:35 PM -- 4 [25, 18, 3, 22, 26, 6, 1, 27, 25, 8, 31, 27, 29, 3, 9764, 19, 23, 33, 5642]
INFO: 26/12 03:35 PM -- 4 [15, 8, 1, 21, 27, 13, 1, 29, 18, 11, 22, 8, 34, 3, 8343, 21, 19, 15, 5137]
INFO: 26/12 03:35 PM -- 4 [15, 19, 5, 16, 8, 21, 2, 17, 23, 9, 31, 9, 42, 2, 6862, 11, 18, 34, 5242]
INFO: 26/12 03:35 PM -- 4 [11, 15, 2, 16, 26, 11, 1, 38, 14, 8, 19, 19, 54, 1, 6560, 22, 5, 32, 5014]
INFO: 26/12 03:35 PM -- 4 [11, 25, 2, 35, 22, 25, 6, 23, 13, 16, 33, 29, 37, 3, 7398, 23, 14, 37, 9650]
INFO: 26/12 03:35 PM -- 2 [15, 12, 4, 24, 11, 18, 4, 35, 15, 19, 27, 22, 37, 2, 7720, 7, 9, 19, 9940]
INFO: 26/12 03:35 PM -- 2 [15, 12, 4, 23, 28, 6, 3, 31, 12, 20, 16, 10, 55, 2, 7425, 6, 6, 25, 5847]
INFO: 26/12 03:35 PM -- 2 [13, 11, 4, 24, 27, 14, 3, 20, 27, 15, 33, 6, 47, 3, 8672, 24, 30, 33, 8852]
INFO: 26/12 03:35 PM -- 2 [21, 12, 5, 22, 24, 5, 2, 36, 17, 17, 15, 26, 41, 3, 8018, 23, 6, 29, 8667]
INFO: 26/12 03:35 PM -- 2 [22, 19, 1, 16, 12, 23, 5, 38, 20, 19, 24, 14, 54, 1, 6913, 24, 29, 43, 6040]
INFO: 26/12 03:35 PM -- 2 [13, 23, 4, 27, 28, 20, 5, 21, 22, 12, 35, 25, 52, 2, 8659, 12, 14, 42, 5965]
INFO: 26/12 03:35 PM -- 2 [14, 9, 5, 5, 17, 12, 3, 36, 30, 20, 26, 17, 35, 3, 6459, 11, 15, 40, 8209]
INFO: 26/12 03:35 PM -- 2 [10, 7, 4, 12, 8, 16, 2, 24, 27, 10, 28, 26, 30, 3, 9707, 5, 7, 40, 8807]
INFO: 26/12 03:35 PM -- 2 [19, 5, 3, 28, 12, 22, 4, 18, 23, 20, 17, 26, 41, 3, 6976, 10, 8, 15, 9891]
INFO: 26/12 03:35 PM -- 2 [22, 20, 4, 29, 27, 10, 1, 39, 19, 8, 11, 25, 21, 2, 6730, 14, 18, 24, 5822]
INFO: 26/12 03:35 PM -- 2 [9, 5, 3, 33, 11, 12, 4, 34, 13, 10, 12, 8, 23, 1, 9048, 25, 14, 29, 7535]
INFO: 26/12 03:35 PM -- 2 [17, 11, 3, 25, 14, 15, 1, 21, 23, 12, 18, 9, 34, 2, 8156, 14, 12, 26, 5467]
INFO: 26/12 03:35 PM -- 2 [13, 13, 4, 28, 30, 10, 3, 33, 25, 18, 25, 19, 43, 3, 8729, 21, 6, 18, 5795]
INFO: 26/12 03:35 PM -- 2 [24, 6, 5, 12, 5, 6, 3, 16, 28, 15, 11, 13, 48, 2, 7267, 22, 8, 27, 5702]
INFO: 26/12 03:35 PM -- 0 [19, 17, 3, 17, 25, 9, 1, 27, 26, 9, 13, 16, 29, 2, 9689, 10, 15, 39, 6951]
INFO: 26/12 03:35 PM -- 0 [10, 11, 3, 21, 9, 14, 6, 19, 19, 7, 31, 28, 42, 2, 5297, 17, 11, 18, 9472]
INFO: 26/12 03:35 PM -- 0 [18, 7, 5, 10, 28, 24, 4, 37, 11, 19, 12, 30, 28, 3, 5948, 22, 27, 39, 5589]
INFO: 26/12 03:35 PM -- 0 [19, 6, 5, 16, 15, 25, 1, 27, 21, 20, 35, 13, 44, 2, 5899, 18, 28, 39, 9571]
INFO: 26/12 03:35 PM -- 0 [20, 11, 3, 16, 10, 15, 6, 31, 19, 16, 12, 20, 29, 3, 9369, 23, 13, 19, 7735]
INFO: 26/12 03:35 PM -- 0 [11, 22, 4, 35, 24, 11, 6, 21, 29, 15, 10, 30, 52, 3, 5227, 8, 28, 24, 9170]
INFO: 26/12 03:35 PM -- 0 [15, 14, 4, 11, 25, 10, 5, 15, 19, 12, 12, 24, 31, 1, 6839, 12, 11, 40, 8736]
INFO: 26/12 03:35 PM -- 0 [15, 19, 3, 22, 16, 11, 2, 36, 20, 19, 27, 14, 23, 3, 7946, 6, 26, 27, 6185]
INFO: 26/12 03:35 PM -- 0 [17, 18, 1, 30, 21, 25, 5, 27, 30, 12, 24, 23, 34, 1, 5050, 12, 14, 29, 7186]
INFO: 26/12 03:35 PM -- 0 [10, 18, 4, 27, 19, 5, 1, 31, 20, 20, 10, 26, 49, 3, 7989, 10, 27, 41, 5606]
INFO: 26/12 03:35 PM -- -2 [14, 8, 4, 27, 28, 21, 1, 18, 24, 15, 10, 14, 45, 2, 9538, 18, 25, 28, 8321]
INFO: 26/12 03:35 PM -- -2 [15, 8, 4, 21, 27, 25, 5, 25, 19, 11, 31, 27, 40, 1, 5409, 10, 27, 20, 7919]
INFO: 26/12 03:35 PM -- -2 [13, 9, 3, 13, 10, 23, 4, 27, 28, 18, 26, 23, 49, 1, 9875, 12, 26, 29, 7921]
INFO: 26/12 03:35 PM -- -2 [24, 9, 2, 13, 11, 8, 3, 30, 30, 20, 25, 28, 43, 2, 7594, 19, 8, 20, 6205]
INFO: 26/12 03:35 PM -- -2 [15, 20, 3, 9, 13, 18, 3, 25, 11, 12, 20, 30, 37, 2, 8934, 14, 16, 41, 8103]
INFO: 26/12 03:35 PM -- -2 [13, 7, 2, 19, 20, 25, 1, 23, 29, 15, 23, 11, 40, 3, 8483, 7, 25, 21, 6136]
INFO: 26/12 03:35 PM -- -2 [15, 23, 2, 14, 19, 24, 3, 15, 17, 16, 22, 10, 20, 3, 6629, 16, 15, 24, 8857]
INFO: 26/12 03:35 PM -- -2 [9, 10, 2, 17, 5, 8, 1, 17, 21, 20, 30, 22, 35, 3, 7805, 20, 16, 22, 6602]
INFO: 26/12 03:35 PM -- -2 [15, 6, 4, 34, 14, 18, 3, 31, 18, 14, 32, 11, 21, 2, 7762, 9, 27, 17, 9674]
INFO: 26/12 03:35 PM -- -3 [21, 17, 2, 31, 12, 16, 6, 33, 15, 18, 30, 28, 42, 2, 8247, 17, 28, 28, 8875]
INFO: 26/12 03:35 PM -- -3 [18, 21, 5, 15, 15, 8, 2, 20, 17, 9, 25, 21, 40, 3, 7884, 21, 5, 36, 8667]
INFO: 26/12 03:35 PM -- -3 [22, 25, 1, 12, 11, 7, 6, 15, 16, 20, 23, 19, 52, 3, 9373, 23, 21, 19, 6179]
INFO: 26/12 03:35 PM -- -4 [20, 10, 1, 16, 28, 17, 1, 15, 13, 13, 17, 18, 41, 1, 5027, 8, 18, 32, 8189]
INFO: 26/12 03:35 PM -- -4 [11, 14, 3, 25, 23, 12, 5, 28, 12, 16, 11, 9, 27, 1, 5426, 16, 22, 20, 6270]
INFO: 26/12 03:35 PM -- -4 [12, 6, 3, 27, 23, 16, 4, 36, 30, 10, 23, 11, 44, 3, 6544, 8, 12, 29, 9461]
INFO: 26/12 03:35 PM -- -4 [13, 13, 5, 16, 20, 19, 2, 28, 23, 14, 28, 26, 48, 1, 8468, 23, 16, 33, 9633]
INFO: 26/12 03:35 PM -- -4 [10, 24, 2, 29, 9, 9, 2, 38, 19, 7, 11, 30, 54, 2, 9426, 14, 17, 42, 6353]
INFO: 26/12 03:35 PM -- -4 [18, 25, 5, 25, 21, 20, 5, 28, 18, 13, 29, 24, 41, 3, 8937, 9, 18, 28, 7899]
INFO: 26/12 03:35 PM -- -5 [10, 22, 3, 28, 26, 12, 3, 23, 20, 12, 11, 29, 54, 2, 8507, 25, 18, 18, 5885]
INFO: 26/12 03:35 PM -- -5 [11, 10, 3, 12, 27, 8, 3, 23, 27, 7, 27, 21, 33, 1, 7053, 7, 12, 45, 5784]
INFO: 26/12 03:35 PM -- -6 [13, 25, 2, 8, 24, 17, 5, 33, 21, 9, 20, 5, 54, 3, 6028, 11, 26, 18, 7433]
INFO: 26/12 03:35 PM -- -6 [23, 22, 5, 16, 26, 11, 6, 20, 18, 17, 23, 23, 22, 1, 8841, 6, 20, 35, 5993]
INFO: 26/12 03:35 PM -- -6 [17, 12, 1, 5, 13, 14, 2, 27, 22, 11, 25, 9, 27, 1, 5524, 19, 11, 39, 8538]
INFO: 26/12 03:35 PM -- -6 [15, 12, 2, 19, 29, 13, 2, 38, 12, 8, 32, 10, 29, 3, 9625, 5, 17, 20, 6240]
INFO: 26/12 03:35 PM -- -6 [14, 6, 4, 21, 29, 20, 1, 34, 30, 9, 10, 27, 48, 2, 5733, 25, 29, 45, 7881]
INFO: 26/12 03:35 PM -- -7 [18, 9, 1, 24, 28, 9, 1, 18, 25, 20, 33, 7, 51, 1, 5177, 18, 30, 20, 9398]
INFO: 26/12 03:35 PM -- -7 [25, 16, 5, 18, 25, 7, 4, 35, 21, 12, 29, 16, 21, 1, 5108, 12, 8, 15, 8748]
INFO: 26/12 03:35 PM -- -7 [9, 9, 5, 25, 14, 20, 5, 32, 19, 16, 14, 28, 34, 2, 5394, 24, 10, 27, 5212]
INFO: 26/12 03:35 PM -- -7 [19, 16, 5, 20, 15, 12, 4, 17, 11, 19, 12, 11, 39, 3, 6819, 8, 24, 36, 8155]
INFO: 26/12 03:35 PM -- -7 [10, 14, 3, 16, 17, 14, 4, 19, 11, 11, 28, 8, 54, 3, 6310, 16, 16, 20, 6129]
INFO: 26/12 03:35 PM -- -7 [13, 25, 3, 29, 23, 5, 5, 28, 11, 20, 28, 11, 34, 2, 7634, 9, 7, 28, 6414]
INFO: 26/12 03:35 PM -- -7 [19, 13, 1, 23, 29, 23, 4, 24, 21, 12, 10, 11, 43, 3, 8317, 22, 29, 30, 9771]
INFO: 26/12 03:35 PM -- -7 [25, 17, 1, 19, 17, 18, 4, 36, 13, 13, 24, 9, 29, 3, 7645, 25, 15, 38, 8212]
INFO: 26/12 03:35 PM -- -7 [10, 8, 1, 10, 18, 16, 6, 35, 26, 15, 14, 16, 41, 3, 7258, 14, 8, 45, 9331]
INFO: 26/12 03:35 PM -- -8 [18, 19, 1, 10, 10, 11, 2, 16, 20, 12, 17, 5, 29, 3, 7382, 20, 30, 36, 7187]
INFO: 26/12 03:35 PM -- -9 [20, 25, 4, 23, 18, 8, 5, 21, 21, 17, 21, 26, 44, 3, 9230, 11, 9, 20, 7238]
INFO: 26/12 03:35 PM -- -9 [18, 25, 3, 7, 26, 19, 4, 16, 24, 17, 34, 19, 33, 2, 8662, 11, 11, 41, 8768]
INFO: 26/12 03:35 PM -- -9 [11, 18, 2, 22, 17, 16, 2, 22, 23, 15, 23, 29, 27, 2, 8823, 8, 7, 38, 6324]
INFO: 26/12 03:44 PM -- ------------------------------------------------
INFO: 26/12 03:44 PM -- 23 [25, 14, 1, 6, 8, 6, 1, 27, 25, 8, 31, 27, 29, 3, 9765, 19, 20, 32, 8159]
INFO: 26/12 03:44 PM -- 23 [24, 18, 1, 28, 22, 6, 4, 29, 20, 8, 26, 28, 34, 3, 5141, 21, 22, 16, 8098]
INFO: 26/12 03:44 PM -- 21 [21, 22, 1, 15, 24, 6, 2, 16, 21, 7, 23, 17, 32, 2, 9520, 8, 12, 16, 9318]
INFO: 26/12 03:44 PM -- 18 [11, 15, 2, 16, 26, 12, 5, 38, 14, 8, 19, 19, 54, 1, 9867, 7, 30, 26, 6530]
INFO: 26/12 03:44 PM -- 18 [16, 7, 3, 11, 30, 9, 5, 15, 30, 7, 22, 19, 55, 3, 5521, 12, 27, 20, 5280]
INFO: 26/12 03:44 PM -- 16 [21, 18, 1, 15, 24, 6, 2, 16, 21, 7, 23, 16, 32, 3, 5141, 8, 12, 16, 9318]
INFO: 26/12 03:44 PM -- 14 [25, 8, 1, 22, 20, 17, 1, 34, 22, 11, 22, 27, 45, 2, 7660, 19, 22, 16, 7021]
INFO: 26/12 03:44 PM -- 14 [12, 19, 5, 34, 24, 17, 5, 16, 16, 18, 17, 26, 54, 1, 6737, 23, 11, 22, 8991]
INFO: 26/12 03:44 PM -- 13 [17, 13, 3, 13, 23, 7, 6, 22, 12, 16, 11, 16, 49, 1, 9875, 12, 26, 29, 8321]
INFO: 26/12 03:44 PM -- 13 [11, 25, 2, 35, 22, 25, 5, 15, 29, 7, 21, 28, 55, 3, 5521, 12, 14, 37, 9650]
INFO: 26/12 03:44 PM -- 13 [14, 5, 1, 23, 6, 15, 6, 20, 13, 12, 27, 25, 30, 3, 5639, 20, 5, 31, 8945]
INFO: 26/12 03:44 PM -- 13 [10, 11, 2, 25, 18, 25, 6, 26, 17, 15, 34, 30, 30, 1, 5157, 21, 5, 25, 8349]
INFO: 26/12 03:44 PM -- 13 [24, 16, 1, 26, 11, 18, 2, 39, 30, 16, 32, 29, 50, 1, 7100, 14, 29, 31, 5309]
INFO: 26/12 03:44 PM -- 13 [17, 13, 3, 33, 23, 7, 6, 22, 12, 16, 11, 16, 28, 1, 9621, 7, 20, 34, 8321]
INFO: 26/12 03:44 PM -- 12 [15, 11, 3, 14, 19, 24, 3, 19, 19, 7, 32, 28, 42, 2, 6629, 16, 15, 24, 8857]
INFO: 26/12 03:44 PM -- 11 [19, 16, 5, 20, 11, 12, 5, 17, 11, 20, 23, 19, 52, 3, 9373, 23, 24, 36, 8155]
INFO: 26/12 03:44 PM -- 11 [10, 13, 1, 6, 16, 17, 2, 30, 28, 13, 10, 10, 45, 2, 5391, 15, 24, 15, 6424]
INFO: 26/12 03:44 PM -- 11 [24, 22, 1, 28, 22, 6, 4, 29, 20, 8, 26, 28, 34, 2, 9520, 21, 22, 16, 8098]
INFO: 26/12 03:44 PM -- 11 [12, 6, 3, 29, 20, 17, 1, 33, 22, 11, 22, 27, 52, 3, 6750, 21, 22, 28, 5911]
INFO: 26/12 03:44 PM -- 11 [20, 18, 4, 12, 12, 8, 2, 24, 27, 13, 24, 26, 29, 1, 5508, 13, 15, 24, 5404]
INFO: 26/12 03:44 PM -- 11 [9, 15, 2, 9, 28, 20, 3, 25, 24, 13, 15, 24, 41, 2, 7783, 15, 26, 26, 5143]
INFO: 26/12 03:44 PM -- 11 [13, 25, 1, 5, 23, 18, 3, 25, 14, 11, 32, 12, 38, 1, 8360, 15, 24, 34, 7556]
INFO: 26/12 03:44 PM -- 11 [15, 21, 5, 14, 11, 17, 2, 29, 17, 17, 19, 15, 44, 1, 7387, 9, 16, 20, 5852]
INFO: 26/12 03:44 PM -- 10 [10, 23, 2, 21, 9, 13, 6, 15, 17, 16, 22, 10, 20, 3, 5296, 17, 11, 17, 9473]
INFO: 26/12 03:44 PM -- 9 [20, 11, 5, 6, 15, 17, 6, 35, 26, 15, 14, 16, 42, 3, 7258, 15, 13, 21, 9331]
INFO: 26/12 03:44 PM -- 9 [10, 19, 4, 15, 5, 6, 3, 16, 28, 15, 11, 13, 48, 2, 7267, 22, 16, 27, 7535]
INFO: 26/12 03:44 PM -- 9 [14, 12, 4, 28, 22, 18, 3, 25, 14, 15, 34, 23, 38, 1, 8360, 14, 29, 37, 9016]
INFO: 26/12 03:44 PM -- 9 [14, 12, 4, 28, 15, 12, 1, 16, 13, 15, 34, 23, 27, 1, 5223, 14, 29, 36, 9016]
INFO: 26/12 03:44 PM -- 9 [20, 10, 5, 34, 19, 19, 2, 27, 23, 18, 32, 23, 38, 3, 6732, 16, 9, 39, 7144]
INFO: 26/12 03:44 PM -- 8 [14, 5, 1, 23, 15, 5, 4, 20, 13, 12, 27, 25, 30, 3, 5639, 5, 5, 31, 8945]
INFO: 26/12 03:44 PM -- 8 [9, 5, 2, 7, 11, 12, 4, 34, 29, 8, 35, 25, 26, 3, 9111, 18, 9, 21, 9200]
INFO: 26/12 03:44 PM -- 8 [25, 14, 1, 5, 8, 9, 6, 31, 30, 10, 35, 12, 43, 3, 9322, 25, 20, 32, 8159]
INFO: 26/12 03:44 PM -- 8 [15, 11, 3, 6, 15, 15, 5, 18, 10, 18, 19, 19, 24, 2, 8133, 15, 26, 21, 7518]
INFO: 26/12 03:44 PM -- 7 [17, 18, 4, 11, 25, 9, 5, 15, 19, 12, 24, 23, 34, 1, 5050, 13, 11, 40, 8736]
INFO: 26/12 03:44 PM -- 7 [10, 11, 2, 25, 14, 15, 1, 21, 17, 16, 34, 30, 30, 1, 5157, 14, 12, 26, 5467]
INFO: 26/12 03:44 PM -- 7 [24, 16, 1, 26, 11, 17, 3, 30, 30, 16, 32, 29, 44, 2, 7594, 19, 9, 31, 5310]
INFO: 26/12 03:44 PM -- 7 [18, 18, 4, 9, 26, 14, 1, 19, 29, 16, 31, 6, 38, 1, 8189, 17, 19, 25, 5459]
INFO: 26/12 03:44 PM -- 7 [12, 21, 4, 19, 27, 22, 2, 15, 13, 15, 26, 14, 41, 3, 5375, 22, 10, 29, 7328]
INFO: 26/12 03:44 PM -- 6 [13, 9, 3, 33, 10, 23, 4, 27, 28, 18, 26, 23, 28, 1, 9621, 7, 20, 34, 7921]
INFO: 26/12 03:44 PM -- 6 [17, 11, 3, 25, 18, 25, 6, 26, 23, 12, 18, 9, 34, 2, 8156, 21, 5, 25, 8349]
INFO: 26/12 03:44 PM -- 6 [25, 8, 1, 22, 10, 22, 6, 36, 28, 8, 24, 11, 45, 2, 7660, 19, 21, 16, 7021]
INFO: 26/12 03:44 PM -- 6 [24, 16, 2, 24, 13, 22, 5, 39, 13, 20, 27, 15, 26, 1, 9867, 7, 30, 26, 6530]
INFO: 26/12 03:44 PM -- 6 [20, 11, 5, 6, 15, 17, 5, 23, 10, 19, 26, 5, 24, 2, 9110, 15, 14, 21, 8799]
INFO: 26/12 03:44 PM -- 6 [15, 9, 5, 29, 5, 23, 5, 25, 10, 11, 18, 16, 39, 1, 8945, 18, 10, 24, 5794]
INFO: 26/12 03:44 PM -- 6 [10, 16, 5, 12, 22, 5, 2, 32, 12, 13, 20, 20, 46, 3, 5629, 14, 20, 27, 5001]
INFO: 26/12 03:44 PM -- 4 [10, 8, 1, 10, 19, 16, 5, 23, 10, 19, 26, 5, 24, 2, 9110, 15, 8, 45, 8799]
INFO: 26/12 03:44 PM -- 4 [24, 16, 2, 24, 13, 22, 1, 39, 13, 20, 27, 15, 26, 1, 6560, 22, 5, 32, 5014]
INFO: 26/12 03:44 PM -- 4 [19, 16, 5, 12, 12, 22, 5, 18, 12, 13, 20, 20, 46, 3, 6976, 9, 8, 15, 9891]
INFO: 26/12 03:44 PM -- 4 [11, 19, 5, 30, 24, 23, 1, 26, 12, 9, 31, 11, 30, 1, 9148, 25, 8, 29, 5259]
INFO: 26/12 03:44 PM -- 4 [22, 25, 1, 12, 15, 7, 6, 15, 16, 19, 12, 11, 39, 3, 6819, 8, 21, 19, 6179]
INFO: 26/12 03:44 PM -- 4 [16, 21, 2, 7, 30, 18, 1, 37, 29, 8, 35, 25, 25, 2, 9111, 18, 9, 21, 9200]
INFO: 26/12 03:44 PM -- 4 [11, 5, 4, 27, 15, 5, 4, 23, 28, 20, 31, 16, 37, 2, 5563, 5, 9, 22, 9239]
INFO: 26/12 03:44 PM -- 4 [10, 19, 4, 15, 17, 12, 5, 16, 22, 19, 18, 9, 35, 3, 5130, 21, 16, 17, 7536]
INFO: 26/12 03:44 PM -- 4 [21, 19, 2, 32, 18, 23, 1, 19, 12, 9, 21, 9, 48, 2, 8833, 24, 21, 42, 6379]
INFO: 26/12 03:44 PM -- 4 [11, 10, 5, 30, 24, 23, 1, 26, 13, 13, 31, 11, 30, 1, 9148, 25, 8, 29, 5259]
INFO: 26/12 03:44 PM -- 4 [11, 15, 5, 9, 21, 7, 6, 22, 19, 12, 27, 7, 33, 1, 5722, 11, 27, 42, 6990]
INFO: 26/12 03:44 PM -- 4 [17, 25, 3, 12, 13, 15, 5, 27, 10, 19, 22, 17, 33, 3, 8128, 16, 8, 26, 8254]
INFO: 26/12 03:44 PM -- 4 [15, 23, 1, 26, 9, 13, 5, 36, 21, 14, 22, 23, 32, 1, 9729, 16, 12, 25, 6275]
INFO: 26/12 03:44 PM -- 4 [25, 18, 3, 22, 26, 6, 1, 27, 25, 8, 31, 27, 29, 3, 9764, 19, 23, 33, 5642]
INFO: 26/12 03:44 PM -- 4 [15, 8, 1, 21, 27, 13, 1, 29, 18, 11, 22, 8, 34, 3, 8343, 21, 19, 15, 5137]
INFO: 26/12 03:44 PM -- 4 [15, 19, 5, 16, 8, 21, 2, 17, 23, 9, 31, 9, 42, 2, 6862, 11, 18, 34, 5242]
INFO: 26/12 03:44 PM -- 4 [11, 15, 2, 16, 26, 11, 1, 38, 14, 8, 19, 19, 54, 1, 6560, 22, 5, 32, 5014]
INFO: 26/12 03:44 PM -- 4 [11, 25, 2, 35, 22, 25, 6, 23, 13, 16, 33, 29, 37, 3, 7398, 23, 14, 37, 9650]
INFO: 26/12 03:44 PM -- 2 [11, 15, 5, 9, 21, 7, 1, 29, 18, 11, 22, 7, 34, 3, 5722, 11, 19, 15, 6990]
INFO: 26/12 03:44 PM -- 2 [17, 25, 3, 12, 13, 15, 5, 27, 10, 19, 22, 17, 54, 3, 6310, 16, 8, 21, 6129]
INFO: 26/12 03:44 PM -- 2 [15, 10, 5, 29, 5, 23, 5, 25, 24, 13, 15, 24, 39, 2, 8945, 18, 10, 24, 5794]
INFO: 26/12 03:44 PM -- 2 [12, 6, 3, 29, 10, 22, 6, 36, 28, 8, 24, 11, 52, 2, 6750, 21, 22, 28, 5911]
INFO: 26/12 03:44 PM -- 2 [16, 21, 3, 33, 30, 18, 1, 37, 13, 10, 12, 8, 23, 1, 9048, 25, 14, 29, 7535]
INFO: 26/12 03:44 PM -- 2 [20, 7, 4, 27, 15, 5, 1, 31, 20, 20, 35, 13, 44, 2, 5899, 18, 28, 39, 9571]
INFO: 26/12 03:44 PM -- 2 [10, 18, 5, 16, 19, 25, 1, 28, 21, 20, 10, 26, 49, 3, 7990, 11, 27, 41, 5606]
INFO: 26/12 03:44 PM -- 2 [15, 12, 4, 24, 11, 18, 4, 35, 15, 19, 27, 22, 37, 2, 7720, 7, 9, 19, 9940]
INFO: 26/12 03:44 PM -- 2 [15, 12, 4, 23, 28, 6, 3, 31, 12, 20, 16, 10, 55, 2, 7425, 6, 6, 25, 5847]
INFO: 26/12 03:44 PM -- 2 [13, 11, 4, 24, 27, 14, 3, 20, 27, 15, 33, 6, 47, 3, 8672, 24, 30, 33, 8852]
INFO: 26/12 03:44 PM -- 2 [21, 12, 5, 22, 24, 5, 2, 36, 17, 17, 15, 26, 41, 3, 8018, 23, 6, 29, 8667]
INFO: 26/12 03:44 PM -- 2 [22, 19, 1, 16, 12, 23, 5, 38, 20, 19, 24, 14, 54, 1, 6913, 24, 29, 43, 6040]
INFO: 26/12 03:44 PM -- 2 [13, 23, 4, 27, 28, 20, 5, 21, 22, 12, 35, 25, 52, 2, 8659, 12, 14, 42, 5965]
INFO: 26/12 03:44 PM -- 2 [14, 9, 5, 5, 17, 12, 3, 36, 30, 20, 26, 17, 35, 3, 6459, 11, 15, 40, 8209]
INFO: 26/12 03:44 PM -- 2 [10, 7, 4, 12, 8, 16, 2, 24, 27, 10, 28, 26, 30, 3, 9707, 5, 7, 40, 8807]
INFO: 26/12 03:44 PM -- 2 [19, 5, 3, 28, 12, 22, 4, 18, 23, 20, 17, 26, 41, 3, 6976, 10, 8, 15, 9891]
INFO: 26/12 03:44 PM -- 2 [22, 20, 4, 29, 27, 10, 1, 39, 19, 8, 11, 25, 21, 2, 6730, 14, 18, 24, 5822]
INFO: 26/12 03:44 PM -- 2 [9, 5, 3, 33, 11, 12, 4, 34, 13, 10, 12, 8, 23, 1, 9048, 25, 14, 29, 7535]
INFO: 26/12 03:44 PM -- 2 [17, 11, 3, 25, 14, 15, 1, 21, 23, 12, 18, 9, 34, 2, 8156, 14, 12, 26, 5467]
INFO: 26/12 03:44 PM -- 2 [13, 13, 4, 28, 30, 10, 3, 33, 25, 18, 25, 19, 43, 3, 8729, 21, 6, 18, 5795]
INFO: 26/12 03:44 PM -- 2 [24, 6, 5, 12, 5, 6, 3, 16, 28, 15, 11, 13, 48, 2, 7267, 22, 8, 27, 5702]
INFO: 26/12 03:44 PM -- 0 [25, 18, 3, 22, 26, 9, 5, 31, 30, 10, 35, 12, 42, 3, 9322, 25, 23, 33, 5642]
INFO: 26/12 03:44 PM -- 0 [13, 7, 2, 18, 20, 24, 1, 23, 29, 19, 23, 11, 40, 3, 8483, 5, 26, 27, 6136]
INFO: 26/12 03:44 PM -- 0 [10, 5, 3, 28, 22, 6, 2, 32, 23, 20, 18, 26, 41, 3, 5629, 14, 20, 27, 5001]
INFO: 26/12 03:44 PM -- 0 [13, 25, 1, 5, 15, 12, 1, 16, 13, 11, 32, 12, 27, 1, 5223, 15, 24, 34, 7556]
INFO: 26/12 03:44 PM -- 0 [19, 17, 3, 17, 25, 9, 1, 27, 26, 9, 13, 16, 29, 2, 9689, 10, 15, 39, 6951]
INFO: 26/12 03:44 PM -- 0 [10, 11, 3, 21, 9, 14, 6, 19, 19, 7, 31, 28, 42, 2, 5297, 17, 11, 18, 9472]
INFO: 26/12 03:44 PM -- 0 [18, 7, 5, 10, 28, 24, 4, 37, 11, 19, 12, 30, 28, 3, 5948, 22, 27, 39, 5589]
INFO: 26/12 03:44 PM -- 0 [19, 6, 5, 16, 15, 25, 1, 27, 21, 20, 35, 13, 44, 2, 5899, 18, 28, 39, 9571]
INFO: 26/12 03:44 PM -- 0 [20, 11, 3, 16, 10, 15, 6, 31, 19, 16, 12, 20, 29, 3, 9369, 23, 13, 19, 7735]
INFO: 26/12 03:44 PM -- 0 [11, 22, 4, 35, 24, 11, 6, 21, 29, 15, 10, 30, 52, 3, 5227, 8, 28, 24, 9170]
INFO: 26/12 03:44 PM -- 0 [15, 14, 4, 11, 25, 10, 5, 15, 19, 12, 12, 24, 31, 1, 6839, 12, 11, 40, 8736]
INFO: 26/12 03:44 PM -- 0 [15, 19, 3, 22, 16, 11, 2, 36, 20, 19, 27, 14, 23, 3, 7946, 6, 26, 27, 6185]
INFO: 26/12 03:44 PM -- 0 [17, 18, 1, 30, 21, 25, 5, 27, 30, 12, 24, 23, 34, 1, 5050, 12, 14, 29, 7186]
INFO: 26/12 03:44 PM -- 0 [10, 18, 4, 27, 19, 5, 1, 31, 20, 20, 10, 26, 49, 3, 7989, 10, 27, 41, 5606]
INFO: 26/12 03:44 PM -- -2 [15, 19, 3, 22, 16, 11, 2, 36, 20, 15, 27, 14, 23, 3, 7946, 7, 25, 21, 6185]
INFO: 26/12 03:44 PM -- -2 [12, 21, 4, 19, 27, 22, 2, 15, 23, 18, 32, 23, 41, 3, 5375, 22, 10, 39, 7328]
INFO: 26/12 03:52 PM -- ------------------------------------------------
INFO: 26/12 03:52 PM -- 23 [25, 14, 1, 6, 8, 6, 1, 27, 25, 8, 31, 27, 29, 3, 9765, 19, 20, 32, 8159]
INFO: 26/12 03:52 PM -- 23 [24, 18, 1, 28, 22, 6, 4, 29, 20, 8, 26, 28, 34, 3, 5141, 21, 22, 16, 8098]
INFO: 26/12 03:52 PM -- 21 [21, 22, 1, 15, 24, 6, 2, 16, 21, 7, 23, 17, 32, 2, 9520, 8, 12, 16, 9318]
INFO: 26/12 03:52 PM -- 18 [11, 15, 2, 16, 26, 12, 5, 38, 14, 8, 19, 19, 54, 1, 9867, 7, 30, 26, 6530]
INFO: 26/12 03:52 PM -- 18 [16, 7, 3, 11, 30, 9, 5, 15, 30, 7, 22, 19, 55, 3, 5521, 12, 27, 20, 5280]
INFO: 26/12 03:52 PM -- 16 [13, 25, 1, 12, 15, 18, 3, 25, 16, 19, 13, 12, 38, 1, 8360, 16, 24, 34, 7556]
INFO: 26/12 03:52 PM -- 16 [20, 22, 1, 22, 20, 17, 2, 34, 22, 11, 22, 27, 45, 2, 7660, 19, 22, 16, 7022]
INFO: 26/12 03:52 PM -- 16 [21, 18, 1, 15, 24, 6, 2, 16, 21, 7, 23, 16, 32, 3, 5141, 8, 12, 16, 9318]
INFO: 26/12 03:52 PM -- 14 [14, 12, 1, 28, 22, 18, 3, 29, 20, 9, 26, 28, 34, 2, 9520, 21, 29, 37, 9016]
INFO: 26/12 03:52 PM -- 14 [24, 6, 5, 12, 5, 6, 3, 15, 28, 15, 22, 10, 48, 2, 7267, 22, 8, 17, 9473]
INFO: 26/12 03:52 PM -- 14 [25, 8, 1, 22, 20, 17, 1, 34, 22, 11, 22, 27, 45, 2, 7660, 19, 22, 16, 7021]
INFO: 26/12 03:52 PM -- 14 [12, 19, 5, 34, 24, 17, 5, 16, 16, 18, 17, 26, 54, 1, 6737, 23, 11, 22, 8991]
INFO: 26/12 03:52 PM -- 13 [16, 7, 3, 11, 30, 9, 5, 33, 22, 7, 22, 19, 52, 3, 6750, 21, 26, 20, 5280]
INFO: 26/12 03:52 PM -- 13 [25, 9, 2, 15, 24, 6, 2, 16, 21, 7, 22, 17, 32, 2, 9520, 8, 12, 16, 9318]
INFO: 26/12 03:52 PM -- 13 [20, 11, 2, 35, 15, 17, 5, 23, 14, 16, 33, 29, 23, 2, 9110, 15, 14, 21, 8799]
INFO: 26/12 03:52 PM -- 13 [11, 25, 3, 29, 22, 25, 5, 16, 29, 7, 21, 28, 21, 2, 6730, 14, 19, 24, 5822]
INFO: 26/12 03:52 PM -- 13 [17, 13, 3, 13, 23, 7, 6, 22, 12, 16, 11, 16, 49, 1, 9875, 12, 26, 29, 8321]
INFO: 26/12 03:52 PM -- 13 [11, 25, 2, 35, 22, 25, 5, 15, 29, 7, 21, 28, 55, 3, 5521, 12, 14, 37, 9650]
INFO: 26/12 03:52 PM -- 13 [14, 5, 1, 23, 6, 15, 6, 20, 13, 12, 27, 25, 30, 3, 5639, 20, 5, 31, 8945]
INFO: 26/12 03:52 PM -- 13 [10, 11, 2, 25, 18, 25, 6, 26, 17, 15, 34, 30, 30, 1, 5157, 21, 5, 25, 8349]
INFO: 26/12 03:52 PM -- 13 [24, 16, 1, 26, 11, 18, 2, 39, 30, 16, 32, 29, 50, 1, 7100, 14, 29, 31, 5309]
INFO: 26/12 03:52 PM -- 13 [17, 13, 3, 33, 23, 7, 6, 22, 12, 16, 11, 16, 28, 1, 9621, 7, 20, 34, 8321]
INFO: 26/12 03:52 PM -- 12 [25, 18, 3, 13, 23, 7, 6, 31, 30, 10, 35, 12, 42, 3, 9322, 25, 23, 33, 8321]
INFO: 26/12 03:52 PM -- 12 [15, 11, 3, 14, 19, 24, 3, 19, 19, 7, 32, 28, 42, 2, 6629, 16, 15, 24, 8857]
INFO: 26/12 03:52 PM -- 11 [24, 18, 1, 28, 22, 6, 4, 16, 28, 15, 26, 27, 48, 2, 7267, 22, 17, 16, 8098]
INFO: 26/12 03:52 PM -- 11 [17, 15, 2, 16, 26, 12, 5, 38, 14, 8, 19, 9, 54, 1, 9867, 7, 30, 26, 8349]
INFO: 26/12 03:52 PM -- 11 [19, 16, 5, 20, 11, 12, 5, 17, 11, 20, 23, 19, 52, 3, 9373, 23, 24, 36, 8155]
INFO: 26/12 03:52 PM -- 11 [10, 13, 1, 6, 16, 17, 2, 30, 28, 13, 10, 10, 45, 2, 5391, 15, 24, 15, 6424]
INFO: 26/12 03:52 PM -- 11 [24, 22, 1, 28, 22, 6, 4, 29, 20, 8, 26, 28, 34, 2, 9520, 21, 22, 16, 8098]
INFO: 26/12 03:52 PM -- 11 [12, 6, 3, 29, 20, 17, 1, 33, 22, 11, 22, 27, 52, 3, 6750, 21, 22, 28, 5911]
INFO: 26/12 03:52 PM -- 11 [20, 18, 4, 12, 12, 8, 2, 24, 27, 13, 24, 26, 29, 1, 5508, 13, 15, 24, 5404]
INFO: 26/12 03:52 PM -- 11 [9, 15, 2, 9, 28, 20, 3, 25, 24, 13, 15, 24, 41, 2, 7783, 15, 26, 26, 5143]
INFO: 26/12 03:52 PM -- 11 [13, 25, 1, 5, 23, 18, 3, 25, 14, 11, 32, 12, 38, 1, 8360, 15, 24, 34, 7556]
INFO: 26/12 03:52 PM -- 11 [15, 21, 5, 14, 11, 17, 2, 29, 17, 17, 19, 15, 44, 1, 7387, 9, 16, 20, 5852]
INFO: 26/12 03:52 PM -- 10 [10, 23, 2, 21, 9, 13, 6, 15, 17, 16, 22, 10, 20, 3, 5296, 17, 11, 17, 9473]
INFO: 26/12 03:52 PM -- 9 [10, 23, 2, 21, 9, 13, 6, 15, 17, 16, 11, 13, 20, 3, 5296, 17, 11, 27, 5702]
INFO: 26/12 03:52 PM -- 9 [20, 11, 5, 6, 15, 17, 6, 35, 26, 15, 14, 16, 42, 3, 7258, 15, 13, 21, 9331]
INFO: 26/12 03:52 PM -- 9 [10, 19, 4, 15, 5, 6, 3, 16, 28, 15, 11, 13, 48, 2, 7267, 22, 16, 27, 7535]
INFO: 26/12 03:52 PM -- 9 [14, 12, 4, 28, 22, 18, 3, 25, 14, 15, 34, 23, 38, 1, 8360, 14, 29, 37, 9016]
INFO: 26/12 03:52 PM -- 9 [14, 12, 4, 28, 15, 12, 1, 16, 13, 15, 34, 23, 27, 1, 5223, 14, 29, 36, 9016]
INFO: 26/12 03:52 PM -- 9 [20, 10, 5, 34, 19, 19, 2, 27, 23, 18, 32, 23, 38, 3, 6732, 16, 9, 39, 7144]
INFO: 26/12 03:52 PM -- 8 [22, 25, 1, 5, 23, 7, 6, 15, 14, 10, 32, 11, 40, 3, 6819, 8, 21, 19, 6179]
INFO: 26/12 03:52 PM -- 8 [14, 5, 1, 23, 15, 5, 4, 20, 13, 12, 27, 25, 30, 3, 5639, 5, 5, 31, 8945]
INFO: 26/12 03:52 PM -- 8 [9, 5, 2, 7, 11, 12, 4, 34, 29, 8, 35, 25, 26, 3, 9111, 18, 9, 21, 9200]
INFO: 26/12 03:52 PM -- 8 [25, 14, 1, 5, 8, 9, 6, 31, 30, 10, 35, 12, 43, 3, 9322, 25, 20, 32, 8159]
INFO: 26/12 03:52 PM -- 8 [15, 11, 3, 6, 15, 15, 5, 18, 10, 18, 19, 19, 24, 2, 8133, 15, 26, 21, 7518]
INFO: 26/12 03:52 PM -- 7 [10, 19, 4, 15, 5, 6, 3, 29, 20, 8, 11, 13, 34, 3, 5141, 21, 22, 27, 7535]
INFO: 26/12 03:52 PM -- 7 [11, 11, 3, 25, 18, 25, 6, 26, 23, 12, 18, 19, 34, 2, 8156, 21, 5, 25, 6530]
INFO: 26/12 03:52 PM -- 7 [17, 18, 4, 11, 25, 9, 5, 15, 19, 12, 24, 23, 34, 1, 5050, 13, 11, 40, 8736]
INFO: 26/12 03:52 PM -- 7 [10, 11, 2, 25, 14, 15, 1, 21, 17, 16, 34, 30, 30, 1, 5157, 14, 12, 26, 5467]
INFO: 26/12 03:52 PM -- 7 [24, 16, 1, 26, 11, 17, 3, 30, 30, 16, 32, 29, 44, 2, 7594, 19, 9, 31, 5310]
INFO: 26/12 03:52 PM -- 7 [18, 18, 4, 9, 26, 14, 1, 19, 29, 16, 31, 6, 38, 1, 8189, 17, 19, 25, 5459]
INFO: 26/12 03:52 PM -- 7 [12, 21, 4, 19, 27, 22, 2, 15, 13, 15, 26, 14, 41, 3, 5375, 22, 10, 29, 7328]
INFO: 26/12 03:52 PM -- 6 [11, 11, 5, 6, 15, 7, 6, 22, 19, 12, 14, 6, 33, 1, 5722, 11, 27, 42, 6989]
INFO: 26/12 03:52 PM -- 6 [13, 9, 3, 33, 10, 23, 4, 27, 28, 18, 26, 23, 28, 1, 9621, 7, 20, 34, 7921]
INFO: 26/12 03:52 PM -- 6 [17, 11, 3, 25, 18, 25, 6, 26, 23, 12, 18, 9, 34, 2, 8156, 21, 5, 25, 8349]
INFO: 26/12 03:52 PM -- 6 [25, 8, 1, 22, 10, 22, 6, 36, 28, 8, 24, 11, 45, 2, 7660, 19, 21, 16, 7021]
INFO: 26/12 03:52 PM -- 6 [24, 16, 2, 24, 13, 22, 5, 39, 13, 20, 27, 15, 26, 1, 9867, 7, 30, 26, 6530]
INFO: 26/12 03:52 PM -- 6 [20, 11, 5, 6, 15, 17, 5, 23, 10, 19, 26, 5, 24, 2, 9110, 15, 14, 21, 8799]
INFO: 26/12 03:52 PM -- 6 [15, 9, 5, 29, 5, 23, 5, 25, 10, 11, 18, 16, 39, 1, 8945, 18, 10, 24, 5794]
INFO: 26/12 03:52 PM -- 6 [10, 16, 5, 12, 22, 5, 2, 32, 12, 13, 20, 20, 46, 3, 5629, 14, 20, 27, 5001]
INFO: 26/12 03:52 PM -- 5 [20, 18, 4, 12, 13, 8, 4, 34, 28, 8, 35, 25, 26, 2, 5508, 13, 9, 24, 5404]
INFO: 26/12 03:52 PM -- 4 [15, 22, 1, 26, 9, 12, 5, 36, 21, 9, 31, 9, 32, 1, 9729, 16, 12, 34, 5243]
INFO: 26/12 03:52 PM -- 4 [21, 19, 4, 14, 11, 17, 2, 29, 12, 8, 21, 15, 48, 2, 8833, 24, 21, 42, 6379]
INFO: 26/12 03:52 PM -- 4 [10, 19, 4, 15, 17, 12, 5, 27, 25, 8, 31, 27, 29, 3, 9765, 19, 16, 17, 8159]
INFO: 26/12 03:52 PM -- 4 [19, 17, 3, 17, 25, 9, 1, 28, 19, 7, 32, 28, 42, 2, 9689, 10, 15, 39, 6951]
INFO: 26/12 03:52 PM -- 4 [14, 5, 1, 33, 10, 23, 3, 27, 28, 18, 26, 23, 30, 3, 5639, 5, 20, 34, 8945]
INFO: 26/12 03:52 PM -- 4 [10, 8, 1, 10, 19, 16, 5, 23, 10, 19, 26, 5, 24, 2, 9110, 15, 8, 45, 8799]
INFO: 26/12 03:52 PM -- 4 [24, 16, 2, 24, 13, 22, 1, 39, 13, 20, 27, 15, 26, 1, 6560, 22, 5, 32, 5014]
INFO: 26/12 03:52 PM -- 4 [19, 16, 5, 12, 12, 22, 5, 18, 12, 13, 20, 20, 46, 3, 6976, 9, 8, 15, 9891]
INFO: 26/12 03:52 PM -- 4 [11, 19, 5, 30, 24, 23, 1, 26, 12, 9, 31, 11, 30, 1, 9148, 25, 8, 29, 5259]
INFO: 26/12 03:52 PM -- 4 [22, 25, 1, 12, 15, 7, 6, 15, 16, 19, 12, 11, 39, 3, 6819, 8, 21, 19, 6179]
INFO: 26/12 03:52 PM -- 4 [16, 21, 2, 7, 30, 18, 1, 37, 29, 8, 35, 25, 25, 2, 9111, 18, 9, 21, 9200]
INFO: 26/12 03:52 PM -- 4 [11, 5, 4, 27, 15, 5, 4, 23, 28, 20, 31, 16, 37, 2, 5563, 5, 9, 22, 9239]
INFO: 26/12 03:52 PM -- 4 [10, 19, 4, 15, 17, 12, 5, 16, 22, 19, 18, 9, 35, 3, 5130, 21, 16, 17, 7536]
INFO: 26/12 03:52 PM -- 4 [21, 19, 2, 32, 18, 23, 1, 19, 12, 9, 21, 9, 48, 2, 8833, 24, 21, 42, 6379]
INFO: 26/12 03:52 PM -- 4 [11, 10, 5, 30, 24, 23, 1, 26, 13, 13, 31, 11, 30, 1, 9148, 25, 8, 29, 5259]
INFO: 26/12 03:52 PM -- 4 [11, 15, 5, 9, 21, 7, 6, 22, 19, 12, 27, 7, 33, 1, 5722, 11, 27, 42, 6990]
INFO: 26/12 03:52 PM -- 4 [17, 25, 3, 12, 13, 15, 5, 27, 10, 19, 22, 17, 33, 3, 8128, 16, 8, 26, 8254]
INFO: 26/12 03:52 PM -- 4 [15, 23, 1, 26, 9, 13, 5, 36, 21, 14, 22, 23, 32, 1, 9729, 16, 12, 25, 6275]
INFO: 26/12 03:52 PM -- 4 [25, 18, 3, 22, 26, 6, 1, 27, 25, 8, 31, 27, 29, 3, 9764, 19, 23, 33, 5642]
INFO: 26/12 03:52 PM -- 4 [15, 8, 1, 21, 27, 13, 1, 29, 18, 11, 22, 8, 34, 3, 8343, 21, 19, 15, 5137]
INFO: 26/12 03:52 PM -- 4 [15, 19, 5, 16, 8, 21, 2, 17, 23, 9, 31, 9, 42, 2, 6862, 11, 18, 34, 5242]
INFO: 26/12 03:52 PM -- 4 [11, 15, 2, 16, 26, 11, 1, 38, 14, 8, 19, 19, 54, 1, 6560, 22, 5, 32, 5014]
INFO: 26/12 03:52 PM -- 4 [11, 25, 2, 35, 22, 25, 6, 23, 13, 16, 33, 29, 37, 3, 7398, 23, 14, 37, 9650]
INFO: 26/12 03:52 PM -- 2 [15, 8, 1, 21, 27, 13, 1, 37, 29, 9, 34, 25, 25, 2, 8343, 18, 9, 21, 9200]
INFO: 26/12 03:52 PM -- 2 [11, 15, 5, 30, 24, 23, 1, 26, 12, 9, 31, 11, 41, 1, 9148, 25, 8, 29, 5259]
INFO: 26/12 03:52 PM -- 2 [11, 15, 5, 9, 12, 22, 5, 29, 19, 11, 21, 7, 46, 3, 6976, 9, 20, 15, 6990]
INFO: 26/12 03:52 PM -- 2 [24, 12, 4, 26, 15, 12, 1, 16, 30, 15, 32, 29, 49, 1, 7100, 14, 29, 31, 5309]
INFO: 26/12 03:52 PM -- 2 [11, 15, 5, 9, 21, 7, 1, 29, 18, 11, 22, 7, 34, 3, 5722, 11, 19, 15, 6990]
INFO: 26/12 03:52 PM -- 2 [17, 25, 3, 12, 13, 15, 5, 27, 10, 19, 22, 17, 54, 3, 6310, 16, 8, 21, 6129]
INFO: 26/12 03:52 PM -- 2 [15, 10, 5, 29, 5, 23, 5, 25, 24, 13, 15, 24, 39, 2, 8945, 18, 10, 24, 5794]
INFO: 26/12 03:52 PM -- 2 [12, 6, 3, 29, 10, 22, 6, 36, 28, 8, 24, 11, 52, 2, 6750, 21, 22, 28, 5911]
INFO: 26/12 03:52 PM -- 2 [16, 21, 3, 33, 30, 18, 1, 37, 13, 10, 12, 8, 23, 1, 9048, 25, 14, 29, 7535]
INFO: 26/12 03:52 PM -- 2 [20, 7, 4, 27, 15, 5, 1, 31, 20, 20, 35, 13, 44, 2, 5899, 18, 28, 39, 9571]
INFO: 26/12 03:52 PM -- 2 [10, 18, 5, 16, 19, 25, 1, 28, 21, 20, 10, 26, 49, 3, 7990, 11, 27, 41, 5606]
INFO: 26/12 03:52 PM -- 2 [15, 12, 4, 24, 11, 18, 4, 35, 15, 19, 27, 22, 37, 2, 7720, 7, 9, 19, 9940]
INFO: 26/12 03:52 PM -- 2 [15, 12, 4, 23, 28, 6, 3, 31, 12, 20, 16, 10, 55, 2, 7425, 6, 6, 25, 5847]
INFO: 26/12 03:52 PM -- 2 [13, 11, 4, 24, 27, 14, 3, 20, 27, 15, 33, 6, 47, 3, 8672, 24, 30, 33, 8852]
INFO: 26/12 03:52 PM -- 2 [21, 12, 5, 22, 24, 5, 2, 36, 17, 17, 15, 26, 41, 3, 8018, 23, 6, 29, 8667]
INFO: 26/12 04:00 PM -- ------------------------------------------------
INFO: 26/12 04:00 PM -- 23 [25, 14, 1, 6, 8, 6, 1, 27, 25, 8, 31, 27, 29, 3, 9765, 19, 20, 32, 8159]
INFO: 26/12 04:00 PM -- 23 [24, 18, 1, 28, 22, 6, 4, 29, 20, 8, 26, 28, 34, 3, 5141, 21, 22, 16, 8098]
INFO: 26/12 04:00 PM -- 21 [21, 22, 1, 15, 24, 6, 2, 16, 21, 7, 23, 17, 32, 2, 9520, 8, 12, 16, 9318]
INFO: 26/12 04:00 PM -- 18 [10, 13, 1, 14, 24, 6, 2, 16, 21, 7, 23, 18, 45, 2, 5391, 15, 12, 15, 6424]
INFO: 26/12 04:00 PM -- 18 [13, 18, 1, 15, 23, 6, 2, 15, 21, 7, 23, 16, 32, 3, 5141, 8, 12, 16, 7556]
INFO: 26/12 04:00 PM -- 18 [11, 15, 2, 16, 26, 12, 5, 38, 14, 8, 19, 19, 54, 1, 9867, 7, 30, 26, 6530]
INFO: 26/12 04:00 PM -- 18 [16, 7, 3, 11, 30, 9, 5, 15, 30, 7, 22, 19, 55, 3, 5521, 12, 27, 20, 5280]
INFO: 26/12 04:00 PM -- 16 [21, 22, 1, 6, 16, 17, 2, 30, 28, 13, 10, 10, 32, 2, 9520, 8, 24, 16, 9318]
INFO: 26/12 04:00 PM -- 16 [13, 25, 1, 12, 15, 18, 3, 25, 16, 19, 13, 12, 38, 1, 8360, 16, 24, 34, 7556]
INFO: 26/12 04:00 PM -- 16 [20, 22, 1, 22, 20, 17, 2, 34, 22, 11, 22, 27, 45, 2, 7660, 19, 22, 16, 7022]
INFO: 26/12 04:00 PM -- 16 [21, 18, 1, 15, 24, 6, 2, 16, 21, 7, 23, 16, 32, 3, 5141, 8, 12, 16, 9318]
INFO: 26/12 04:00 PM -- 14 [24, 14, 1, 6, 8, 6, 5, 15, 26, 8, 31, 27, 29, 3, 9765, 19, 27, 20, 8159]
INFO: 26/12 04:00 PM -- 14 [16, 7, 3, 28, 23, 18, 3, 29, 22, 7, 26, 28, 33, 3, 6750, 21, 26, 20, 5280]
INFO: 26/12 04:00 PM -- 14 [14, 12, 1, 28, 22, 18, 3, 29, 20, 9, 26, 28, 34, 2, 9520, 21, 29, 37, 9016]
INFO: 26/12 04:00 PM -- 14 [24, 6, 5, 12, 5, 6, 3, 15, 28, 15, 22, 10, 48, 2, 7267, 22, 8, 17, 9473]
INFO: 26/12 04:00 PM -- 14 [25, 8, 1, 22, 20, 17, 1, 34, 22, 11, 22, 27, 45, 2, 7660, 19, 22, 16, 7021]
INFO: 26/12 04:00 PM -- 14 [12, 19, 5, 34, 24, 17, 5, 16, 16, 18, 17, 26, 54, 1, 6737, 23, 11, 22, 8991]
INFO: 26/12 04:00 PM -- 13 [14, 6, 2, 23, 15, 17, 5, 23, 13, 12, 27, 25, 30, 3, 9110, 15, 14, 31, 8945]
INFO: 26/12 04:00 PM -- 13 [19, 16, 2, 35, 22, 25, 4, 15, 12, 13, 20, 19, 46, 3, 6976, 8, 14, 15, 9891]
INFO: 26/12 04:00 PM -- 13 [14, 12, 1, 11, 30, 9, 5, 33, 20, 9, 22, 20, 52, 3, 9520, 20, 29, 37, 9015]
INFO: 26/12 04:00 PM -- 13 [16, 7, 3, 11, 30, 9, 5, 33, 22, 7, 22, 19, 52, 3, 6750, 21, 26, 20, 5280]
INFO: 26/12 04:00 PM -- 13 [25, 9, 2, 15, 24, 6, 2, 16, 21, 7, 22, 17, 32, 2, 9520, 8, 12, 16, 9318]
INFO: 26/12 04:00 PM -- 13 [20, 11, 2, 35, 15, 17, 5, 23, 14, 16, 33, 29, 23, 2, 9110, 15, 14, 21, 8799]
INFO: 26/12 04:00 PM -- 13 [11, 25, 3, 29, 22, 25, 5, 16, 29, 7, 21, 28, 21, 2, 6730, 14, 19, 24, 5822]
INFO: 26/12 04:00 PM -- 13 [17, 13, 3, 13, 23, 7, 6, 22, 12, 16, 11, 16, 49, 1, 9875, 12, 26, 29, 8321]
INFO: 26/12 04:00 PM -- 13 [11, 25, 2, 35, 22, 25, 5, 15, 29, 7, 21, 28, 55, 3, 5521, 12, 14, 37, 9650]
INFO: 26/12 04:00 PM -- 13 [14, 5, 1, 23, 6, 15, 6, 20, 13, 12, 27, 25, 30, 3, 5639, 20, 5, 31, 8945]
INFO: 26/12 04:00 PM -- 13 [10, 11, 2, 25, 18, 25, 6, 26, 17, 15, 34, 30, 30, 1, 5157, 21, 5, 25, 8349]
INFO: 26/12 04:00 PM -- 13 [24, 16, 1, 26, 11, 18, 2, 39, 30, 16, 32, 29, 50, 1, 7100, 14, 29, 31, 5309]
INFO: 26/12 04:00 PM -- 13 [17, 13, 3, 33, 23, 7, 6, 22, 12, 16, 11, 16, 28, 1, 9621, 7, 20, 34, 8321]
INFO: 26/12 04:00 PM -- 12 [25, 18, 3, 13, 23, 7, 6, 31, 30, 10, 35, 12, 42, 3, 9322, 25, 23, 33, 8321]
INFO: 26/12 04:00 PM -- 12 [15, 11, 3, 14, 19, 24, 3, 19, 19, 7, 32, 28, 42, 2, 6629, 16, 15, 24, 8857]
INFO: 26/12 04:00 PM -- 11 [15, 21, 5, 14, 12, 17, 2, 16, 28, 15, 26, 27, 48, 2, 7387, 21, 18, 16, 5852]
INFO: 26/12 04:00 PM -- 11 [11, 25, 5, 12, 12, 22, 5, 18, 29, 7, 21, 28, 55, 3, 5521, 12, 8, 38, 9650]
INFO: 26/12 04:00 PM -- 11 [24, 18, 1, 28, 22, 6, 4, 16, 28, 15, 26, 27, 48, 2, 7267, 22, 17, 16, 8098]
INFO: 26/12 04:00 PM -- 11 [17, 15, 2, 16, 26, 12, 5, 38, 14, 8, 19, 9, 54, 1, 9867, 7, 30, 26, 8349]
INFO: 26/12 04:00 PM -- 11 [19, 16, 5, 20, 11, 12, 5, 17, 11, 20, 23, 19, 52, 3, 9373, 23, 24, 36, 8155]
INFO: 26/12 04:00 PM -- 11 [10, 13, 1, 6, 16, 17, 2, 30, 28, 13, 10, 10, 45, 2, 5391, 15, 24, 15, 6424]
INFO: 26/12 04:00 PM -- 11 [24, 22, 1, 28, 22, 6, 4, 29, 20, 8, 26, 28, 34, 2, 9520, 21, 22, 16, 8098]
INFO: 26/12 04:00 PM -- 11 [12, 6, 3, 29, 20, 17, 1, 33, 22, 11, 22, 27, 52, 3, 6750, 21, 22, 28, 5911]
INFO: 26/12 04:00 PM -- 11 [20, 18, 4, 12, 12, 8, 2, 24, 27, 13, 24, 26, 29, 1, 5508, 13, 15, 24, 5404]
INFO: 26/12 04:00 PM -- 11 [9, 15, 2, 9, 28, 20, 3, 25, 24, 13, 15, 24, 41, 2, 7783, 15, 26, 26, 5143]
INFO: 26/12 04:00 PM -- 11 [13, 25, 1, 5, 23, 18, 3, 25, 14, 11, 32, 12, 38, 1, 8360, 15, 24, 34, 7556]
INFO: 26/12 04:00 PM -- 11 [15, 21, 5, 14, 11, 17, 2, 29, 17, 17, 19, 15, 44, 1, 7387, 9, 16, 20, 5852]
INFO: 26/12 04:00 PM -- 10 [10, 23, 2, 21, 9, 13, 6, 15, 17, 16, 22, 10, 20, 3, 5296, 17, 11, 17, 9473]
INFO: 26/12 04:00 PM -- 9 [10, 23, 2, 21, 9, 13, 6, 15, 17, 16, 11, 13, 20, 3, 5296, 17, 11, 27, 5702]
INFO: 26/12 04:00 PM -- 9 [20, 11, 5, 6, 15, 17, 6, 35, 26, 15, 14, 16, 42, 3, 7258, 15, 13, 21, 9331]
INFO: 26/12 04:00 PM -- 9 [10, 19, 4, 15, 5, 6, 3, 16, 28, 15, 11, 13, 48, 2, 7267, 22, 16, 27, 7535]
INFO: 26/12 04:00 PM -- 9 [14, 12, 4, 28, 22, 18, 3, 25, 14, 15, 34, 23, 38, 1, 8360, 14, 29, 37, 9016]
INFO: 26/12 04:00 PM -- 9 [14, 12, 4, 28, 15, 12, 1, 16, 13, 15, 34, 23, 27, 1, 5223, 14, 29, 36, 9016]
INFO: 26/12 04:00 PM -- 9 [20, 10, 5, 34, 19, 19, 2, 27, 23, 18, 32, 23, 38, 3, 6732, 16, 9, 39, 7144]
INFO: 26/12 04:00 PM -- 8 [24, 22, 1, 6, 15, 7, 6, 22, 20, 8, 26, 6, 33, 2, 5722, 21, 22, 16, 8098]
INFO: 26/12 04:00 PM -- 8 [22, 25, 1, 5, 23, 7, 6, 15, 14, 10, 32, 11, 40, 3, 6819, 8, 21, 19, 6179]
INFO: 26/12 04:00 PM -- 8 [14, 5, 1, 23, 15, 5, 4, 20, 13, 12, 27, 25, 30, 3, 5639, 5, 5, 31, 8945]
INFO: 26/12 04:00 PM -- 8 [9, 5, 2, 7, 11, 12, 4, 34, 29, 8, 35, 25, 26, 3, 9111, 18, 9, 21, 9200]
INFO: 26/12 04:00 PM -- 8 [25, 14, 1, 5, 8, 9, 6, 31, 30, 10, 35, 12, 43, 3, 9322, 25, 20, 32, 8159]
INFO: 26/12 04:00 PM -- 8 [15, 11, 3, 6, 15, 15, 5, 18, 10, 18, 19, 19, 24, 2, 8133, 15, 26, 21, 7518]
INFO: 26/12 04:00 PM -- 7 [10, 19, 4, 15, 5, 6, 3, 29, 20, 8, 11, 13, 34, 3, 5141, 21, 22, 27, 7535]
INFO: 26/12 04:00 PM -- 7 [11, 11, 3, 25, 18, 25, 6, 26, 23, 12, 18, 19, 34, 2, 8156, 21, 5, 25, 6530]
INFO: 26/12 04:00 PM -- 7 [17, 18, 4, 11, 25, 9, 5, 15, 19, 12, 24, 23, 34, 1, 5050, 13, 11, 40, 8736]
INFO: 26/12 04:00 PM -- 7 [10, 11, 2, 25, 14, 15, 1, 21, 17, 16, 34, 30, 30, 1, 5157, 14, 12, 26, 5467]
INFO: 26/12 04:00 PM -- 7 [24, 16, 1, 26, 11, 17, 3, 30, 30, 16, 32, 29, 44, 2, 7594, 19, 9, 31, 5310]
INFO: 26/12 04:00 PM -- 7 [18, 18, 4, 9, 26, 14, 1, 19, 29, 16, 31, 6, 38, 1, 8189, 17, 19, 25, 5459]
INFO: 26/12 04:00 PM -- 7 [12, 21, 4, 19, 27, 22, 2, 15, 13, 15, 26, 14, 41, 3, 5375, 22, 10, 29, 7328]
INFO: 26/12 04:00 PM -- 6 [20, 18, 4, 12, 12, 12, 5, 24, 27, 8, 19, 19, 54, 1, 9867, 7, 29, 24, 5404]
INFO: 26/12 04:00 PM -- 6 [17, 25, 2, 12, 15, 7, 6, 22, 12, 16, 11, 16, 28, 1, 9621, 7, 20, 34, 6179]
INFO: 26/12 04:00 PM -- 6 [11, 11, 5, 6, 15, 7, 6, 22, 19, 12, 14, 6, 33, 1, 5722, 11, 27, 42, 6989]
INFO: 26/12 04:00 PM -- 6 [13, 9, 3, 33, 10, 23, 4, 27, 28, 18, 26, 23, 28, 1, 9621, 7, 20, 34, 7921]
INFO: 26/12 04:00 PM -- 6 [17, 11, 3, 25, 18, 25, 6, 26, 23, 12, 18, 9, 34, 2, 8156, 21, 5, 25, 8349]
INFO: 26/12 04:00 PM -- 6 [25, 8, 1, 22, 10, 22, 6, 36, 28, 8, 24, 11, 45, 2, 7660, 19, 21, 16, 7021]
INFO: 26/12 04:00 PM -- 6 [24, 16, 2, 24, 13, 22, 5, 39, 13, 20, 27, 15, 26, 1, 9867, 7, 30, 26, 6530]
INFO: 26/12 04:00 PM -- 6 [20, 11, 5, 6, 15, 17, 5, 23, 10, 19, 26, 5, 24, 2, 9110, 15, 14, 21, 8799]
INFO: 26/12 04:00 PM -- 6 [15, 9, 5, 29, 5, 23, 5, 25, 10, 11, 18, 16, 39, 1, 8945, 18, 10, 24, 5794]
INFO: 26/12 04:00 PM -- 6 [10, 16, 5, 12, 22, 5, 2, 32, 12, 13, 20, 20, 46, 3, 5629, 14, 20, 27, 5001]
INFO: 26/12 04:00 PM -- 5 [20, 18, 4, 12, 13, 8, 4, 34, 28, 8, 35, 25, 26, 2, 5508, 13, 9, 24, 5404]
INFO: 26/12 04:00 PM -- 4 [14, 12, 4, 11, 5, 6, 3, 25, 28, 15, 22, 10, 48, 1, 8360, 14, 29, 37, 9016]
INFO: 26/12 04:00 PM -- 4 [9, 15, 1, 9, 8, 9, 5, 31, 30, 10, 35, 12, 43, 3, 9322, 25, 26, 26, 5143]
INFO: 26/12 04:00 PM -- 4 [11, 11, 5, 28, 22, 6, 4, 29, 19, 12, 14, 28, 35, 3, 9520, 11, 27, 42, 6989]
INFO: 26/12 04:00 PM -- 4 [11, 19, 5, 30, 24, 23, 1, 26, 12, 9, 31, 11, 30, 1, 9148, 24, 8, 32, 5259]
INFO: 26/12 04:00 PM -- 4 [11, 16, 2, 16, 26, 11, 1, 38, 14, 8, 19, 19, 54, 1, 6560, 22, 5, 29, 5014]
INFO: 26/12 04:00 PM -- 4 [24, 18, 1, 28, 22, 7, 6, 29, 20, 8, 35, 12, 42, 3, 5142, 21, 22, 16, 8098]
INFO: 26/12 04:00 PM -- 4 [15, 22, 1, 26, 9, 12, 5, 36, 21, 9, 31, 9, 32, 1, 9729, 16, 12, 34, 5243]
INFO: 26/12 04:00 PM -- 4 [21, 19, 4, 14, 11, 17, 2, 29, 12, 8, 21, 15, 48, 2, 8833, 24, 21, 42, 6379]
INFO: 26/12 04:00 PM -- 4 [10, 19, 4, 15, 17, 12, 5, 27, 25, 8, 31, 27, 29, 3, 9765, 19, 16, 17, 8159]
INFO: 26/12 04:00 PM -- 4 [19, 17, 3, 17, 25, 9, 1, 28, 19, 7, 32, 28, 42, 2, 9689, 10, 15, 39, 6951]
INFO: 26/12 04:00 PM -- 4 [14, 5, 1, 33, 10, 23, 3, 27, 28, 18, 26, 23, 30, 3, 5639, 5, 20, 34, 8945]
INFO: 26/12 04:00 PM -- 4 [10, 8, 1, 10, 19, 16, 5, 23, 10, 19, 26, 5, 24, 2, 9110, 15, 8, 45, 8799]
INFO: 26/12 04:00 PM -- 4 [24, 16, 2, 24, 13, 22, 1, 39, 13, 20, 27, 15, 26, 1, 6560, 22, 5, 32, 5014]
INFO: 26/12 04:00 PM -- 4 [19, 16, 5, 12, 12, 22, 5, 18, 12, 13, 20, 20, 46, 3, 6976, 9, 8, 15, 9891]
INFO: 26/12 04:00 PM -- 4 [11, 19, 5, 30, 24, 23, 1, 26, 12, 9, 31, 11, 30, 1, 9148, 25, 8, 29, 5259]
INFO: 26/12 04:00 PM -- 4 [22, 25, 1, 12, 15, 7, 6, 15, 16, 19, 12, 11, 39, 3, 6819, 8, 21, 19, 6179]
INFO: 26/12 04:00 PM -- 4 [16, 21, 2, 7, 30, 18, 1, 37, 29, 8, 35, 25, 25, 2, 9111, 18, 9, 21, 9200]
INFO: 26/12 04:00 PM -- 4 [11, 5, 4, 27, 15, 5, 4, 23, 28, 20, 31, 16, 37, 2, 5563, 5, 9, 22, 9239]
INFO: 26/12 04:00 PM -- 4 [10, 19, 4, 15, 17, 12, 5, 16, 22, 19, 18, 9, 35, 3, 5130, 21, 16, 17, 7536]
INFO: 26/12 04:00 PM -- 4 [21, 19, 2, 32, 18, 23, 1, 19, 12, 9, 21, 9, 48, 2, 8833, 24, 21, 42, 6379]
INFO: 26/12 04:00 PM -- 4 [11, 10, 5, 30, 24, 23, 1, 26, 13, 13, 31, 11, 30, 1, 9148, 25, 8, 29, 5259]
INFO: 26/12 04:00 PM -- 4 [11, 15, 5, 9, 21, 7, 6, 22, 19, 12, 27, 7, 33, 1, 5722, 11, 27, 42, 6990]
INFO: 26/12 04:00 PM -- 4 [17, 25, 3, 12, 13, 15, 5, 27, 10, 19, 22, 17, 33, 3, 8128, 16, 8, 26, 8254]
INFO: 26/12 04:00 PM -- 4 [15, 23, 1, 26, 9, 13, 5, 36, 21, 14, 22, 23, 32, 1, 9729, 16, 12, 25, 6275]
INFO: 26/12 04:00 PM -- 4 [25, 18, 3, 22, 26, 6, 1, 27, 25, 8, 31, 27, 29, 3, 9764, 19, 23, 33, 5642]
INFO: 26/12 04:41 PM -- ------------------------------------------------
INFO: 26/12 04:41 PM -- 23 [25, 14, 1, 6, 8, 6, 1, 27, 25, 8, 31, 27, 29, 3, 9765, 19, 20, 32, 8159]
INFO: 26/12 04:41 PM -- 23 [24, 18, 1, 28, 22, 6, 4, 29, 20, 8, 26, 28, 34, 3, 5141, 21, 22, 16, 8098]
INFO: 26/12 04:41 PM -- 21 [21, 22, 1, 15, 24, 6, 2, 16, 21, 7, 23, 17, 32, 2, 9520, 8, 12, 16, 9318]
INFO: 26/12 04:41 PM -- 18 [13, 18, 1, 24, 23, 6, 2, 20, 13, 12, 27, 25, 30, 3, 5639, 19, 5, 16, 7556]
INFO: 26/12 04:41 PM -- 18 [10, 13, 1, 14, 24, 6, 2, 16, 21, 7, 23, 18, 45, 2, 5391, 15, 12, 15, 6424]
INFO: 26/12 04:41 PM -- 18 [13, 18, 1, 15, 23, 6, 2, 15, 21, 7, 23, 16, 32, 3, 5141, 8, 12, 16, 7556]
INFO: 26/12 04:41 PM -- 18 [11, 15, 2, 16, 26, 12, 5, 38, 14, 8, 19, 19, 54, 1, 9867, 7, 30, 26, 6530]
INFO: 26/12 04:41 PM -- 18 [16, 7, 3, 11, 30, 9, 5, 15, 30, 7, 22, 19, 55, 3, 5521, 12, 27, 20, 5280]
INFO: 26/12 04:41 PM -- 16 [10, 15, 2, 16, 26, 13, 5, 38, 14, 8, 19, 16, 49, 1, 9875, 7, 30, 26, 8321]
INFO: 26/12 04:41 PM -- 16 [21, 22, 1, 15, 24, 7, 2, 16, 21, 15, 23, 17, 32, 2, 9520, 8, 12, 16, 9473]
INFO: 26/12 04:41 PM -- 16 [21, 22, 1, 6, 16, 17, 2, 30, 28, 13, 10, 10, 32, 2, 9520, 8, 24, 16, 9318]
INFO: 26/12 04:41 PM -- 16 [13, 25, 1, 12, 15, 18, 3, 25, 16, 19, 13, 12, 38, 1, 8360, 16, 24, 34, 7556]
INFO: 26/12 04:41 PM -- 16 [20, 22, 1, 22, 20, 17, 2, 34, 22, 11, 22, 27, 45, 2, 7660, 19, 22, 16, 7022]
INFO: 26/12 04:41 PM -- 16 [21, 18, 1, 15, 24, 6, 2, 16, 21, 7, 23, 16, 32, 3, 5141, 8, 12, 16, 9318]
INFO: 26/12 04:41 PM -- 14 [16, 7, 3, 11, 30, 9, 5, 16, 29, 7, 22, 28, 55, 3, 5521, 12, 27, 20, 5280]
INFO: 26/12 04:41 PM -- 14 [24, 14, 1, 6, 8, 6, 5, 15, 26, 8, 31, 27, 29, 3, 9765, 19, 27, 20, 8159]
INFO: 26/12 04:41 PM -- 14 [16, 7, 3, 28, 23, 18, 3, 29, 22, 7, 26, 28, 33, 3, 6750, 21, 26, 20, 5280]
INFO: 26/12 04:41 PM -- 14 [14, 12, 1, 28, 22, 18, 3, 29, 20, 9, 26, 28, 34, 2, 9520, 21, 29, 37, 9016]
INFO: 26/12 04:41 PM -- 14 [24, 6, 5, 12, 5, 6, 3, 15, 28, 15, 22, 10, 48, 2, 7267, 22, 8, 17, 9473]
INFO: 26/12 04:41 PM -- 14 [25, 8, 1, 22, 20, 17, 1, 34, 22, 11, 22, 27, 45, 2, 7660, 19, 22, 16, 7021]
INFO: 26/12 04:41 PM -- 14 [12, 19, 5, 34, 24, 17, 5, 16, 16, 18, 17, 26, 54, 1, 6737, 23, 11, 22, 8991]
INFO: 26/12 04:41 PM -- 13 [11, 5, 4, 27, 15, 9, 6, 23, 28, 20, 31, 16, 37, 2, 9322, 25, 20, 32, 9239]
INFO: 26/12 04:41 PM -- 13 [14, 6, 2, 23, 15, 17, 5, 23, 13, 12, 27, 25, 30, 3, 9110, 15, 14, 31, 8945]
INFO: 26/12 04:41 PM -- 13 [19, 16, 2, 35, 22, 25, 4, 15, 12, 13, 20, 19, 46, 3, 6976, 8, 14, 15, 9891]
INFO: 26/12 04:41 PM -- 13 [14, 12, 1, 11, 30, 9, 5, 33, 20, 9, 22, 20, 52, 3, 9520, 20, 29, 37, 9015]
INFO: 26/12 04:41 PM -- 13 [16, 7, 3, 11, 30, 9, 5, 33, 22, 7, 22, 19, 52, 3, 6750, 21, 26, 20, 5280]
INFO: 26/12 04:41 PM -- 13 [25, 9, 2, 15, 24, 6, 2, 16, 21, 7, 22, 17, 32, 2, 9520, 8, 12, 16, 9318]
INFO: 26/12 04:41 PM -- 13 [20, 11, 2, 35, 15, 17, 5, 23, 14, 16, 33, 29, 23, 2, 9110, 15, 14, 21, 8799]
INFO: 26/12 04:41 PM -- 13 [11, 25, 3, 29, 22, 25, 5, 16, 29, 7, 21, 28, 21, 2, 6730, 14, 19, 24, 5822]
INFO: 26/12 04:41 PM -- 13 [17, 13, 3, 13, 23, 7, 6, 22, 12, 16, 11, 16, 49, 1, 9875, 12, 26, 29, 8321]
INFO: 26/12 04:41 PM -- 13 [11, 25, 2, 35, 22, 25, 5, 15, 29, 7, 21, 28, 55, 3, 5521, 12, 14, 37, 9650]
INFO: 26/12 04:41 PM -- 13 [14, 5, 1, 23, 6, 15, 6, 20, 13, 12, 27, 25, 30, 3, 5639, 20, 5, 31, 8945]
INFO: 26/12 04:41 PM -- 13 [10, 11, 2, 25, 18, 25, 6, 26, 17, 15, 34, 30, 30, 1, 5157, 21, 5, 25, 8349]
INFO: 26/12 04:41 PM -- 13 [24, 16, 1, 26, 11, 18, 2, 39, 30, 16, 32, 29, 50, 1, 7100, 14, 29, 31, 5309]
INFO: 26/12 04:41 PM -- 13 [17, 13, 3, 33, 23, 7, 6, 22, 12, 16, 11, 16, 28, 1, 9621, 7, 20, 34, 8321]
INFO: 26/12 04:41 PM -- 12 [25, 18, 3, 13, 23, 7, 6, 31, 30, 10, 35, 12, 42, 3, 9322, 25, 23, 33, 8321]
INFO: 26/12 04:41 PM -- 12 [15, 11, 3, 14, 19, 24, 3, 19, 19, 7, 32, 28, 42, 2, 6629, 16, 15, 24, 8857]
INFO: 26/12 04:41 PM -- 11 [22, 25, 1, 11, 30, 7, 6, 15, 14, 7, 22, 19, 52, 2, 6750, 8, 21, 19, 6179]
INFO: 26/12 04:41 PM -- 11 [10, 23, 1, 26, 17, 12, 5, 27, 25, 8, 31, 27, 29, 2, 9729, 16, 12, 25, 6275]
INFO: 26/12 04:41 PM -- 11 [15, 9, 5, 8, 11, 24, 5, 34, 10, 11, 18, 16, 39, 1, 8945, 17, 10, 25, 5794]
INFO: 26/12 04:41 PM -- 11 [10, 13, 1, 6, 15, 17, 2, 27, 24, 18, 10, 10, 46, 3, 5391, 16, 9, 15, 6424]
INFO: 26/12 04:41 PM -- 11 [15, 21, 5, 14, 12, 17, 2, 16, 28, 15, 26, 27, 48, 2, 7387, 21, 18, 16, 5852]
INFO: 26/12 04:41 PM -- 11 [11, 25, 5, 12, 12, 22, 5, 18, 29, 7, 21, 28, 55, 3, 5521, 12, 8, 38, 9650]
INFO: 26/12 04:41 PM -- 11 [24, 18, 1, 28, 22, 6, 4, 16, 28, 15, 26, 27, 48, 2, 7267, 22, 17, 16, 8098]
INFO: 26/12 04:41 PM -- 11 [17, 15, 2, 16, 26, 12, 5, 38, 14, 8, 19, 9, 54, 1, 9867, 7, 30, 26, 8349]
INFO: 26/12 04:41 PM -- 11 [19, 16, 5, 20, 11, 12, 5, 17, 11, 20, 23, 19, 52, 3, 9373, 23, 24, 36, 8155]
INFO: 26/12 04:41 PM -- 11 [10, 13, 1, 6, 16, 17, 2, 30, 28, 13, 10, 10, 45, 2, 5391, 15, 24, 15, 6424]
INFO: 26/12 04:41 PM -- 11 [24, 22, 1, 28, 22, 6, 4, 29, 20, 8, 26, 28, 34, 2, 9520, 21, 22, 16, 8098]
INFO: 26/12 04:41 PM -- 11 [12, 6, 3, 29, 20, 17, 1, 33, 22, 11, 22, 27, 52, 3, 6750, 21, 22, 28, 5911]
INFO: 26/12 04:41 PM -- 11 [20, 18, 4, 12, 12, 8, 2, 24, 27, 13, 24, 26, 29, 1, 5508, 13, 15, 24, 5404]
INFO: 26/12 04:41 PM -- 11 [9, 15, 2, 9, 28, 20, 3, 25, 24, 13, 15, 24, 41, 2, 7783, 15, 26, 26, 5143]
INFO: 26/12 04:41 PM -- 11 [13, 25, 1, 5, 23, 18, 3, 25, 14, 11, 32, 12, 38, 1, 8360, 15, 24, 34, 7556]
INFO: 26/12 04:41 PM -- 11 [15, 21, 5, 14, 11, 17, 2, 29, 17, 17, 19, 15, 44, 1, 7387, 9, 16, 20, 5852]
INFO: 26/12 04:41 PM -- 10 [10, 23, 2, 21, 9, 13, 6, 15, 17, 16, 22, 10, 20, 3, 5296, 17, 11, 17, 9473]
INFO: 26/12 04:41 PM -- 9 [24, 6, 5, 12, 5, 6, 3, 16, 28, 7, 22, 10, 48, 2, 7266, 22, 8, 17, 9318]
INFO: 26/12 04:41 PM -- 9 [10, 23, 2, 21, 9, 13, 6, 15, 17, 16, 11, 13, 20, 3, 5296, 17, 11, 27, 5702]
INFO: 26/12 04:41 PM -- 9 [20, 11, 5, 6, 15, 17, 6, 35, 26, 15, 14, 16, 42, 3, 7258, 15, 13, 21, 9331]
INFO: 26/12 04:41 PM -- 9 [10, 19, 4, 15, 5, 6, 3, 16, 28, 15, 11, 13, 48, 2, 7267, 22, 16, 27, 7535]
INFO: 26/12 04:41 PM -- 9 [14, 12, 4, 28, 22, 18, 3, 25, 14, 15, 34, 23, 38, 1, 8360, 14, 29, 37, 9016]
INFO: 26/12 04:41 PM -- 9 [14, 12, 4, 28, 15, 12, 1, 16, 13, 15, 34, 23, 27, 1, 5223, 14, 29, 36, 9016]
INFO: 26/12 04:41 PM -- 9 [20, 10, 5, 34, 19, 19, 2, 27, 23, 18, 32, 23, 38, 3, 6732, 16, 9, 39, 7144]
INFO: 26/12 04:41 PM -- 8 [14, 5, 1, 15, 6, 15, 6, 15, 21, 7, 23, 16, 32, 3, 5141, 8, 12, 31, 8945]
INFO: 26/12 04:41 PM -- 8 [24, 22, 1, 6, 15, 7, 6, 22, 20, 8, 26, 6, 33, 2, 5722, 21, 22, 16, 8098]
INFO: 26/12 04:41 PM -- 8 [22, 25, 1, 5, 23, 7, 6, 15, 14, 10, 32, 11, 40, 3, 6819, 8, 21, 19, 6179]
INFO: 26/12 04:41 PM -- 8 [14, 5, 1, 23, 15, 5, 4, 20, 13, 12, 27, 25, 30, 3, 5639, 5, 5, 31, 8945]
INFO: 26/12 04:41 PM -- 8 [9, 5, 2, 7, 11, 12, 4, 34, 29, 8, 35, 25, 26, 3, 9111, 18, 9, 21, 9200]
INFO: 26/12 04:41 PM -- 8 [25, 14, 1, 5, 8, 9, 6, 31, 30, 10, 35, 12, 43, 3, 9322, 25, 20, 32, 8159]
INFO: 26/12 04:41 PM -- 8 [15, 11, 3, 6, 15, 15, 5, 18, 10, 18, 19, 19, 24, 2, 8133, 15, 26, 21, 7518]
INFO: 26/12 04:41 PM -- 7 [10, 19, 4, 15, 5, 6, 3, 29, 20, 8, 11, 13, 34, 3, 5141, 21, 22, 27, 7535]
INFO: 26/12 04:41 PM -- 7 [11, 11, 3, 25, 18, 25, 6, 26, 23, 12, 18, 19, 34, 2, 8156, 21, 5, 25, 6530]
INFO: 26/12 04:41 PM -- 7 [17, 18, 4, 11, 25, 9, 5, 15, 19, 12, 24, 23, 34, 1, 5050, 13, 11, 40, 8736]
INFO: 26/12 04:41 PM -- 7 [10, 11, 2, 25, 14, 15, 1, 21, 17, 16, 34, 30, 30, 1, 5157, 14, 12, 26, 5467]
INFO: 26/12 04:41 PM -- 7 [24, 16, 1, 26, 11, 17, 3, 30, 30, 16, 32, 29, 44, 2, 7594, 19, 9, 31, 5310]
INFO: 26/12 04:41 PM -- 7 [18, 18, 4, 9, 26, 14, 1, 19, 29, 16, 31, 6, 38, 1, 8189, 17, 19, 25, 5459]
INFO: 26/12 04:41 PM -- 7 [12, 21, 4, 19, 27, 22, 2, 15, 13, 15, 26, 14, 41, 3, 5375, 22, 10, 29, 7328]
INFO: 26/12 04:41 PM -- 6 [17, 15, 2, 6, 15, 7, 5, 38, 14, 8, 18, 9, 54, 2, 5722, 21, 22, 16, 8098]
INFO: 26/12 04:41 PM -- 6 [25, 14, 1, 5, 8, 5, 4, 30, 30, 10, 35, 12, 43, 3, 5563, 5, 9, 22, 8159]
INFO: 26/12 04:41 PM -- 6 [10, 24, 3, 21, 9, 13, 2, 29, 12, 8, 21, 15, 48, 3, 5296, 24, 11, 17, 9473]
INFO: 26/12 04:41 PM -- 6 [16, 7, 2, 21, 9, 14, 6, 15, 17, 16, 26, 28, 33, 3, 6751, 17, 11, 20, 5280]
INFO: 26/12 04:41 PM -- 6 [14, 5, 1, 24, 15, 6, 4, 16, 13, 12, 26, 27, 47, 2, 5638, 5, 5, 31, 8945]
INFO: 26/12 04:41 PM -- 6 [9, 6, 2, 29, 5, 12, 4, 25, 29, 8, 35, 25, 26, 3, 9111, 18, 9, 21, 9200]
INFO: 26/12 04:41 PM -- 6 [20, 18, 4, 12, 12, 12, 5, 24, 27, 8, 19, 19, 54, 1, 9867, 7, 29, 24, 5404]
INFO: 26/12 04:41 PM -- 6 [17, 25, 2, 12, 15, 7, 6, 22, 12, 16, 11, 16, 28, 1, 9621, 7, 20, 34, 6179]
INFO: 26/12 04:41 PM -- 6 [11, 11, 5, 6, 15, 7, 6, 22, 19, 12, 14, 6, 33, 1, 5722, 11, 27, 42, 6989]
INFO: 26/12 04:41 PM -- 6 [13, 9, 3, 33, 10, 23, 4, 27, 28, 18, 26, 23, 28, 1, 9621, 7, 20, 34, 7921]
INFO: 26/12 04:41 PM -- 6 [17, 11, 3, 25, 18, 25, 6, 26, 23, 12, 18, 9, 34, 2, 8156, 21, 5, 25, 8349]
INFO: 26/12 04:41 PM -- 6 [25, 8, 1, 22, 10, 22, 6, 36, 28, 8, 24, 11, 45, 2, 7660, 19, 21, 16, 7021]
INFO: 26/12 04:41 PM -- 6 [24, 16, 2, 24, 13, 22, 5, 39, 13, 20, 27, 15, 26, 1, 9867, 7, 30, 26, 6530]
INFO: 26/12 04:41 PM -- 6 [20, 11, 5, 6, 15, 17, 5, 23, 10, 19, 26, 5, 24, 2, 9110, 15, 14, 21, 8799]
INFO: 26/12 04:41 PM -- 6 [15, 9, 5, 29, 5, 23, 5, 25, 10, 11, 18, 16, 39, 1, 8945, 18, 10, 24, 5794]
INFO: 26/12 04:41 PM -- 6 [10, 16, 5, 12, 22, 5, 2, 32, 12, 13, 20, 20, 46, 3, 5629, 14, 20, 27, 5001]
INFO: 26/12 04:41 PM -- 5 [20, 18, 4, 12, 13, 8, 4, 34, 28, 8, 35, 25, 26, 2, 5508, 13, 9, 24, 5404]
INFO: 26/12 04:41 PM -- 4 [25, 19, 5, 6, 15, 17, 4, 31, 30, 10, 35, 12, 24, 2, 9110, 25, 23, 33, 8321]
INFO: 26/12 04:41 PM -- 4 [25, 8, 2, 22, 17, 12, 1, 16, 22, 19, 18, 9, 35, 3, 5129, 21, 16, 16, 7021]
INFO: 26/12 04:41 PM -- 4 [24, 16, 2, 24, 13, 22, 5, 39, 22, 11, 22, 26, 45, 1, 9868, 7, 30, 26, 7022]
INFO: 26/12 04:41 PM -- 4 [20, 11, 5, 34, 19, 19, 2, 30, 28, 13, 32, 23, 38, 3, 6732, 15, 24, 39, 7144]
INFO: 26/12 04:41 PM -- 4 [14, 14, 1, 6, 8, 18, 3, 27, 16, 19, 13, 12, 37, 1, 8360, 15, 24, 34, 7556]
INFO: 26/12 04:41 PM -- 4 [14, 12, 4, 11, 5, 6, 3, 25, 28, 15, 22, 10, 48, 1, 8360, 14, 29, 37, 9016]
INFO: 26/12 04:41 PM -- 4 [9, 15, 1, 9, 8, 9, 5, 31, 30, 10, 35, 12, 43, 3, 9322, 25, 26, 26, 5143]
INFO: 26/12 04:41 PM -- 4 [11, 11, 5, 28, 22, 6, 4, 29, 19, 12, 14, 28, 35, 3, 9520, 11, 27, 42, 6989]
INFO: 27/12 03:38 PM -- Generating random population with size: 100
